[2026-02-26 17:11:21.696] [info] Using configuration file /home/marsoau/.config/waybar/config.jsonc
[2026-02-26 17:11:21.698] [info] Discovered appearance 'dark'
[2026-02-26 17:11:21.720] [info] Using CSS file /home/marsoau/.config/waybar/style.css
[2026-02-26 17:11:21.723] [info] Hyprland IPC starting
[2026-02-26 17:11:21.724] [info] Loading persistent workspaces from Hyprland workspace rules
[2026-02-26 17:11:21.736] [info] Loading persistent workspaces from Hyprland workspace rules
[2026-02-26 17:11:21.772] [info] Bar configured (width: 1920, height: 34) for output: HDMI-A-1
[2026-02-26 17:11:21.772] [info] Bar configured (width: 1920, height: 34) for output: DP-1

(waybar:216356): Gtk-WARNING **: 17:11:21.777: Theme file for Bibata-Modern-Ice has no directories

(waybar:216356): Gtk-CRITICAL **: 17:11:21.829: gtk_widget_set_accel_path: assertion 'GTK_IS_ACCEL_GROUP (accel_group)' failed

(waybar:216356): Gtk-CRITICAL **: 17:11:21.829: gtk_widget_add_accelerator: assertion 'GTK_IS_ACCEL_GROUP (accel_group)' failed

(waybar:216356): Gtk-CRITICAL **: 17:11:21.829: gtk_widget_set_accel_path: assertion 'GTK_IS_ACCEL_GROUP (accel_group)' failed

(waybar:216356): Gtk-CRITICAL **: 17:11:21.829: gtk_widget_add_accelerator: assertion 'GTK_IS_ACCEL_GROUP (accel_group)' failed

(waybar:216356): Gtk-CRITICAL **: 17:11:21.830: gtk_widget_set_accel_path: assertion 'GTK_IS_ACCEL_GROUP (accel_group)' failed

(waybar:216356): Gtk-CRITICAL **: 17:11:21.830: gtk_widget_add_accelerator: assertion 'GTK_IS_ACCEL_GROUP (accel_group)' failed

(waybar:216356): Gtk-CRITICAL **: 17:11:21.842: gtk_widget_set_accel_path: assertion 'GTK_IS_ACCEL_GROUP (accel_group)' failed

(waybar:216356): Gtk-CRITICAL **: 17:11:21.842: gtk_widget_add_accelerator: assertion 'GTK_IS_ACCEL_GROUP (accel_group)' failed

(waybar:216356): Gtk-CRITICAL **: 17:11:21.843: gtk_widget_set_accel_path: assertion 'GTK_IS_ACCEL_GROUP (accel_group)' failed

(waybar:216356): Gtk-CRITICAL **: 17:11:21.843: gtk_widget_add_accelerator: assertion 'GTK_IS_ACCEL_GROUP (accel_group)' failed

(waybar:216356): Gtk-CRITICAL **: 17:11:21.843: gtk_widget_set_accel_path: assertion 'GTK_IS_ACCEL_GROUP (accel_group)' failed

(waybar:216356): Gtk-CRITICAL **: 17:11:21.844: gtk_widget_add_accelerator: assertion 'GTK_IS_ACCEL_GROUP (accel_group)' failed

(waybar:216356): Gtk-CRITICAL **: 17:17:22.549: gtk_widget_set_accel_path: assertion 'GTK_IS_ACCEL_GROUP (accel_group)' failed

(waybar:216356): Gtk-CRITICAL **: 17:17:22.549: gtk_widget_add_accelerator: assertion 'GTK_IS_ACCEL_GROUP (accel_group)' failed

(waybar:216356): Gtk-CRITICAL **: 17:17:22.550: gtk_widget_set_accel_path: assertion 'GTK_IS_ACCEL_GROUP (accel_group)' failed

(waybar:216356): Gtk-CRITICAL **: 17:17:22.550: gtk_widget_add_accelerator: assertion 'GTK_IS_ACCEL_GROUP (accel_group)' failed

(waybar:216356): Gtk-CRITICAL **: 17:17:25.034: gtk_widget_set_accel_path: assertion 'GTK_IS_ACCEL_GROUP (accel_group)' failed

(waybar:216356): Gtk-CRITICAL **: 17:17:25.034: gtk_widget_add_accelerator: assertion 'GTK_IS_ACCEL_GROUP (accel_group)' failed

(waybar:216356): Gtk-CRITICAL **: 17:17:25.035: gtk_widget_set_accel_path: assertion 'GTK_IS_ACCEL_GROUP (accel_group)' failed

(waybar:216356): Gtk-CRITICAL **: 17:17:25.035: gtk_widget_add_accelerator: assertion 'GTK_IS_ACCEL_GROUP (accel_group)' failed
[2026-02-26 22:01:31.235] [info] Bar removed from output: DP-1
[2026-02-26 22:01:33.431] [info] Loading persistent workspaces from Hyprland workspace rules
[2026-02-26 22:01:33.452] [info] Bar configured (width: 1920, height: 34) for output: DP-1
[2026-02-26 22:01:33.452] [error] Item '': No icon name or pixmap given.
[2026-02-26 22:01:33.495] [error] Item '': No icon name or pixmap given.
[2026-02-26 22:01:33.495] [error] Item '': No icon name or pixmap given.
[2026-02-26 22:01:33.495] [error] Item '': No icon name or pixmap given.

(waybar:216356): Gtk-CRITICAL **: 22:01:33.519: gtk_widget_set_accel_path: assertion 'GTK_IS_ACCEL_GROUP (accel_group)' failed

(waybar:216356): Gtk-CRITICAL **: 22:01:33.519: gtk_widget_add_accelerator: assertion 'GTK_IS_ACCEL_GROUP (accel_group)' failed

(waybar:216356): Gtk-CRITICAL **: 22:01:33.520: gtk_widget_set_accel_path: assertion 'GTK_IS_ACCEL_GROUP (accel_group)' failed

(waybar:216356): Gtk-CRITICAL **: 22:01:33.520: gtk_widget_add_accelerator: assertion 'GTK_IS_ACCEL_GROUP (accel_group)' failed

(waybar:216356): Gtk-CRITICAL **: 22:01:33.521: gtk_widget_set_accel_path: assertion 'GTK_IS_ACCEL_GROUP (accel_group)' failed

(waybar:216356): Gtk-CRITICAL **: 22:01:33.521: gtk_widget_add_accelerator: assertion 'GTK_IS_ACCEL_GROUP (accel_group)' failed

(waybar:216356): Gtk-CRITICAL **: 22:01:33.523: gtk_widget_set_accel_path: assertion 'GTK_IS_ACCEL_GROUP (accel_group)' failed

(waybar:216356): Gtk-CRITICAL **: 22:01:33.523: gtk_widget_add_accelerator: assertion 'GTK_IS_ACCEL_GROUP (accel_group)' failed
